# JRE version: OpenJDK Runtime Environment (8.0_152-b06) (build 1.8.0_152-release-1136-b06)
# Java VM: OpenJDK 64-Bit Server VM (25.152-b06 mixed mode linux-amd64 compressed oops)
Heap:
 PSYoungGen      total 193024K, used 118953K [0x00000000e0000000, 0x00000000f1380000, 0x0000000100000000)
  eden space 179200K, 58% used [0x00000000e0000000,0x00000000e66ad390,0x00000000eaf00000)
  from space 13824K, 99% used [0x00000000eaf00000,0x00000000ebc7d148,0x00000000ebc80000)
  to   space 18432K, 0% used [0x00000000f0180000,0x00000000f0180000,0x00000000f1380000)
 ParOldGen       total 103936K, used 21079K [0x00000000a0000000, 0x00000000a6580000, 0x00000000e0000000)
  object space 103936K, 20% used [0x00000000a0000000,0x00000000a1495de8,0x00000000a6580000)
 Metaspace       used 53950K, capacity 55484K, committed 55640K, reserved 1097728K
  class space    used 7394K, capacity 7763K, committed 7808K, reserved 1048576K
GC Heap History (10 events):
Event: 1,809 GC heap before
{Heap before GC invocations=5 (full 1):
 PSYoungGen      total 132096K, used 5108K [0x00000000e0000000, 0x00000000e8600000, 0x0000000100000000)
  eden space 126976K, 0% used [0x00000000e0000000,0x00000000e0000000,0x00000000e7c00000)
  from space 5120K, 99% used [0x00000000e8100000,0x00000000e85fd070,0x00000000e8600000)
  to   space 5120K, 0% used [0x00000000e7c00000,0x00000000e7c00000,0x00000000e8100000)
 ParOldGen       total 84992K, used 8820K [0x00000000a0000000, 0x00000000a5300000, 0x00000000e0000000)
  object space 84992K, 10% used [0x00000000a0000000,0x00000000a089d340,0x00000000a5300000)
 Metaspace       used 20638K, capacity 20986K, committed 21248K, reserved 1067008K
  class space    used 2902K, capacity 3021K, committed 3072K, reserved 1048576K
Event: 1,871 GC heap after
Heap after GC invocations=5 (full 1):
 PSYoungGen      total 132096K, used 0K [0x00000000e0000000, 0x00000000e8600000, 0x0000000100000000)
  eden space 126976K, 0% used [0x00000000e0000000,0x00000000e0000000,0x00000000e7c00000)
  from space 5120K, 0% used [0x00000000e8100000,0x00000000e8100000,0x00000000e8600000)
  to   space 5120K, 0% used [0x00000000e7c00000,0x00000000e7c00000,0x00000000e8100000)
 ParOldGen       total 64512K, used 8660K [0x00000000a0000000, 0x00000000a3f00000, 0x00000000e0000000)
  object space 64512K, 13% used [0x00000000a0000000,0x00000000a0875230,0x00000000a3f00000)
 Metaspace       used 20638K, capacity 20986K, committed 21248K, reserved 1067008K
  class space    used 2902K, capacity 3021K, committed 3072K, reserved 1048576K
}
Event: 3,311 GC heap before
{Heap before GC invocations=6 (full 1):
 PSYoungGen      total 132096K, used 126976K [0x00000000e0000000, 0x00000000e8600000, 0x0000000100000000)
  eden space 126976K, 100% used [0x00000000e0000000,0x00000000e7c00000,0x00000000e7c00000)
  from space 5120K, 0% used [0x00000000e8100000,0x00000000e8100000,0x00000000e8600000)
  to   space 5120K, 0% used [0x00000000e7c00000,0x00000000e7c00000,0x00000000e8100000)
 ParOldGen       total 64512K, used 8660K [0x00000000a0000000, 0x00000000a3f00000, 0x00000000e0000000)
  object space 64512K, 13% used [0x00000000a0000000,0x00000000a0875230,0x00000000a3f00000)
 Metaspace       used 29177K, capacity 29606K, committed 29952K, reserved 1075200K
  class space    used 4089K, capacity 4264K, committed 4352K, reserved 1048576K
Event: 3,333 GC heap after
Heap after GC invocations=6 (full 1):
 PSYoungGen      total 132096K, used 5104K [0x00000000e0000000, 0x00000000eca00000, 0x0000000100000000)
  eden space 126976K, 0% used [0x00000000e0000000,0x00000000e0000000,0x00000000e7c00000)
  from space 5120K, 99% used [0x00000000e7c00000,0x00000000e80fc010,0x00000000e8100000)
  to   space 13824K, 0% used [0x00000000ebc80000,0x00000000ebc80000,0x00000000eca00000)
 ParOldGen       total 64512K, used 15432K [0x00000000a0000000, 0x00000000a3f00000, 0x00000000e0000000)
  object space 64512K, 23% used [0x00000000a0000000,0x00000000a0f12030,0x00000000a3f00000)
 Metaspace       used 29177K, capacity 29606K, committed 29952K, reserved 1075200K
  class space    used 4089K, capacity 4264K, committed 4352K, reserved 1048576K
}
Event: 3,755 GC heap before
{Heap before GC invocations=7 (full 1):
 PSYoungGen      total 132096K, used 40423K [0x00000000e0000000, 0x00000000eca00000, 0x0000000100000000)
  eden space 126976K, 27% used [0x00000000e0000000,0x00000000e227dfe0,0x00000000e7c00000)
  from space 5120K, 99% used [0x00000000e7c00000,0x00000000e80fc010,0x00000000e8100000)
  to   space 13824K, 0% used [0x00000000ebc80000,0x00000000ebc80000,0x00000000eca00000)
 ParOldGen       total 64512K, used 15432K [0x00000000a0000000, 0x00000000a3f00000, 0x00000000e0000000)
  object space 64512K, 23% used [0x00000000a0000000,0x00000000a0f12030,0x00000000a3f00000)
 Metaspace       used 34411K, capacity 34986K, committed 35416K, reserved 1079296K
  class space    used 4768K, capacity 4975K, committed 4992K, reserved 1048576K
Event: 3,765 GC heap after
Heap after GC invocations=7 (full 1):
 PSYoungGen      total 193024K, used 9459K [0x00000000e0000000, 0x00000000eca00000, 0x0000000100000000)
  eden space 179200K, 0% used [0x00000000e0000000,0x00000000e0000000,0x00000000eaf00000)
  from space 13824K, 68% used [0x00000000ebc80000,0x00000000ec5bcce0,0x00000000eca00000)
  to   space 13824K, 0% used [0x00000000eaf00000,0x00000000eaf00000,0x00000000ebc80000)
 ParOldGen       total 64512K, used 15440K [0x00000000a0000000, 0x00000000a3f00000, 0x00000000e0000000)
  object space 64512K, 23% used [0x00000000a0000000,0x00000000a0f14030,0x00000000a3f00000)
 Metaspace       used 34411K, capacity 34986K, committed 35416K, reserved 1079296K
  class space    used 4768K, capacity 4975K, committed 4992K, reserved 1048576K
}
Event: 3,765 GC heap before
{Heap before GC invocations=8 (full 2):
 PSYoungGen      total 193024K, used 9459K [0x00000000e0000000, 0x00000000eca00000, 0x0000000100000000)
  eden space 179200K, 0% used [0x00000000e0000000,0x00000000e0000000,0x00000000eaf00000)
  from space 13824K, 68% used [0x00000000ebc80000,0x00000000ec5bcce0,0x00000000eca00000)
  to   space 13824K, 0% used [0x00000000eaf00000,0x00000000eaf00000,0x00000000ebc80000)
 ParOldGen       total 64512K, used 15440K [0x00000000a0000000, 0x00000000a3f00000, 0x00000000e0000000)
  object space 64512K, 23% used [0x00000000a0000000,0x00000000a0f14030,0x00000000a3f00000)
 Metaspace       used 34411K, capacity 34986K, committed 35416K, reserved 1079296K
  class space    used 4768K, capacity 4975K, committed 4992K, reserved 1048576K
Event: 3,832 GC heap after
Heap after GC invocations=8 (full 2):
 PSYoungGen      total 193024K, used 0K [0x00000000e0000000, 0x00000000eca00000, 0x0000000100000000)
  eden space 179200K, 0% used [0x00000000e0000000,0x00000000e0000000,0x00000000eaf00000)
  from space 13824K, 0% used [0x00000000ebc80000,0x00000000ebc80000,0x00000000eca00000)
  to   space 13824K, 0% used [0x00000000eaf00000,0x00000000eaf00000,0x00000000ebc80000)
 ParOldGen       total 103936K, used 16174K [0x00000000a0000000, 0x00000000a6580000, 0x00000000e0000000)
  object space 103936K, 15% used [0x00000000a0000000,0x00000000a0fcbbf0,0x00000000a6580000)
 Metaspace       used 34411K, capacity 34986K, committed 35416K, reserved 1079296K
  class space    used 4768K, capacity 4975K, committed 4992K, reserved 1048576K
}
Event: 5,749 GC heap before
{Heap before GC invocations=9 (full 2):
 PSYoungGen      total 193024K, used 179200K [0x00000000e0000000, 0x00000000eca00000, 0x0000000100000000)
  eden space 179200K, 100% used [0x00000000e0000000,0x00000000eaf00000,0x00000000eaf00000)
  from space 13824K, 0% used [0x00000000ebc80000,0x00000000ebc80000,0x00000000eca00000)
  to   space 13824K, 0% used [0x00000000eaf00000,0x00000000eaf00000,0x00000000ebc80000)
 ParOldGen       total 103936K, used 16174K [0x00000000a0000000, 0x00000000a6580000, 0x00000000e0000000)
  object space 103936K, 15% used [0x00000000a0000000,0x00000000a0fcbbf0,0x00000000a6580000)
 Metaspace       used 46853K, capacity 47700K, committed 48088K, reserved 1091584K
  class space    used 6328K, capacity 6587K, committed 6656K, reserved 1048576K
Event: 5,767 GC heap after
Heap after GC invocations=9 (full 2):
 PSYoungGen      total 193024K, used 13812K [0x00000000e0000000, 0x00000000f1380000, 0x0000000100000000)
  eden space 179200K, 0% used [0x00000000e0000000,0x00000000e0000000,0x00000000eaf00000)
  from space 13824K, 99% used [0x00000000eaf00000,0x00000000ebc7d148,0x00000000ebc80000)
  to   space 18432K, 0% used [0x00000000f0180000,0x00000000f0180000,0x00000000f1380000)
 ParOldGen       total 103936K, used 21079K [0x00000000a0000000, 0x00000000a6580000, 0x00000000e0000000)
  object space 103936K, 20% used [0x00000000a0000000,0x00000000a1495de8,0x00000000a6580000)
 Metaspace       used 46853K, capacity 47700K, committed 48088K, reserved 1091584K
  class space    used 6328K, capacity 6587K, committed 6656K, reserved 1048576K
}

