# JRE version: OpenJDK Runtime Environment (8.0_152-b06) (build 1.8.0_152-release-1136-b06)
# Java VM: OpenJDK 64-Bit Server VM (25.152-b06 mixed mode linux-amd64 compressed oops)
Heap:
 PSYoungGen      total 408576K, used 395625K [0x00000000e0000000, 0x00000000fcf80000, 0x0000000100000000)
  eden space 356352K, 99% used [0x00000000e0000000,0x00000000f5bb6a68,0x00000000f5c00000)
  from space 52224K, 75% used [0x00000000f9280000,0x00000000fb923d60,0x00000000fc580000)
  to   space 55808K, 40% used [0x00000000f5c00000,0x00000000f71d7608,0x00000000f9280000)
 ParOldGen       total 134144K, used 109102K [0x00000000a0000000, 0x00000000a8300000, 0x00000000e0000000)
  object space 134144K, 81% used [0x00000000a0000000,0x00000000a6a8b8e0,0x00000000a8300000)
 Metaspace       used 93664K, capacity 97696K, committed 97792K, reserved 1134592K
  class space    used 11913K, capacity 12771K, committed 12800K, reserved 1048576K
GC Heap History (10 events):
Event: 130,449 GC heap after
Heap after GC invocations=19 (full 3):
 PSYoungGen      total 317440K, used 22180K [0x00000000e0000000, 0x00000000f6700000, 0x0000000100000000)
  eden space 284160K, 0% used [0x00000000e0000000,0x00000000e0000000,0x00000000f1580000)
  from space 33280K, 66% used [0x00000000f3700000,0x00000000f4ca9280,0x00000000f5780000)
  to   space 34304K, 0% used [0x00000000f1580000,0x00000000f1580000,0x00000000f3700000)
 ParOldGen       total 134144K, used 71145K [0x00000000a0000000, 0x00000000a8300000, 0x00000000e0000000)
  object space 134144K, 53% used [0x00000000a0000000,0x00000000a457a6d0,0x00000000a8300000)
 Metaspace       used 90541K, capacity 94050K, committed 94336K, reserved 1130496K
  class space    used 11547K, capacity 12352K, committed 12416K, reserved 1048576K
}
Event: 131,607 GC heap before
{Heap before GC invocations=20 (full 3):
 PSYoungGen      total 317440K, used 306340K [0x00000000e0000000, 0x00000000f6700000, 0x0000000100000000)
  eden space 284160K, 100% used [0x00000000e0000000,0x00000000f1580000,0x00000000f1580000)
  from space 33280K, 66% used [0x00000000f3700000,0x00000000f4ca9280,0x00000000f5780000)
  to   space 34304K, 0% used [0x00000000f1580000,0x00000000f1580000,0x00000000f3700000)
 ParOldGen       total 134144K, used 71145K [0x00000000a0000000, 0x00000000a8300000, 0x00000000e0000000)
  object space 134144K, 53% used [0x00000000a0000000,0x00000000a457a6d0,0x00000000a8300000)
 Metaspace       used 91012K, capacity 94628K, committed 94848K, reserved 1132544K
  class space    used 11578K, capacity 12395K, committed 12416K, reserved 1048576K
Event: 131,640 GC heap after
Heap after GC invocations=20 (full 3):
 PSYoungGen      total 318464K, used 24041K [0x00000000e0000000, 0x00000000f8080000, 0x0000000100000000)
  eden space 284160K, 0% used [0x00000000e0000000,0x00000000e0000000,0x00000000f1580000)
  from space 34304K, 70% used [0x00000000f1580000,0x00000000f2cfa468,0x00000000f3700000)
  to   space 35328K, 0% used [0x00000000f5e00000,0x00000000f5e00000,0x00000000f8080000)
 ParOldGen       total 134144K, used 71161K [0x00000000a0000000, 0x00000000a8300000, 0x00000000e0000000)
  object space 134144K, 53% used [0x00000000a0000000,0x00000000a457e6d0,0x00000000a8300000)
 Metaspace       used 91012K, capacity 94628K, committed 94848K, reserved 1132544K
  class space    used 11578K, capacity 12395K, committed 12416K, reserved 1048576K
}
Event: 133,890 GC heap before
{Heap before GC invocations=21 (full 3):
 PSYoungGen      total 318464K, used 308201K [0x00000000e0000000, 0x00000000f8080000, 0x0000000100000000)
  eden space 284160K, 100% used [0x00000000e0000000,0x00000000f1580000,0x00000000f1580000)
  from space 34304K, 70% used [0x00000000f1580000,0x00000000f2cfa468,0x00000000f3700000)
  to   space 35328K, 0% used [0x00000000f5e00000,0x00000000f5e00000,0x00000000f8080000)
 ParOldGen       total 134144K, used 71161K [0x00000000a0000000, 0x00000000a8300000, 0x00000000e0000000)
  object space 134144K, 53% used [0x00000000a0000000,0x00000000a457e6d0,0x00000000a8300000)
 Metaspace       used 91753K, capacity 95402K, committed 95744K, reserved 1132544K
  class space    used 11643K, capacity 12456K, committed 12544K, reserved 1048576K
Event: 133,987 GC heap after
Heap after GC invocations=21 (full 3):
 PSYoungGen      total 343040K, used 35310K [0x00000000e0000000, 0x00000000fa700000, 0x0000000100000000)
  eden space 307712K, 0% used [0x00000000e0000000,0x00000000e0000000,0x00000000f2c80000)
  from space 35328K, 99% used [0x00000000f5e00000,0x00000000f807b920,0x00000000f8080000)
  to   space 50688K, 0% used [0x00000000f2c80000,0x00000000f2c80000,0x00000000f5e00000)
 ParOldGen       total 134144K, used 98429K [0x00000000a0000000, 0x00000000a8300000, 0x00000000e0000000)
  object space 134144K, 73% used [0x00000000a0000000,0x00000000a601f568,0x00000000a8300000)
 Metaspace       used 91753K, capacity 95402K, committed 95744K, reserved 1132544K
  class space    used 11643K, capacity 12456K, committed 12544K, reserved 1048576K
}
Event: 136,231 GC heap before
{Heap before GC invocations=22 (full 3):
 PSYoungGen      total 343040K, used 343022K [0x00000000e0000000, 0x00000000fa700000, 0x0000000100000000)
  eden space 307712K, 100% used [0x00000000e0000000,0x00000000f2c80000,0x00000000f2c80000)
  from space 35328K, 99% used [0x00000000f5e00000,0x00000000f807b920,0x00000000f8080000)
  to   space 50688K, 0% used [0x00000000f2c80000,0x00000000f2c80000,0x00000000f5e00000)
 ParOldGen       total 134144K, used 98429K [0x00000000a0000000, 0x00000000a8300000, 0x00000000e0000000)
  object space 134144K, 73% used [0x00000000a0000000,0x00000000a601f568,0x00000000a8300000)
 Metaspace       used 92610K, capacity 96412K, committed 96640K, reserved 1132544K
  class space    used 11755K, capacity 12595K, committed 12672K, reserved 1048576K
Event: 136,289 GC heap after
Heap after GC invocations=22 (full 3):
 PSYoungGen      total 358400K, used 34088K [0x00000000e0000000, 0x00000000fc580000, 0x0000000100000000)
  eden space 307712K, 0% used [0x00000000e0000000,0x00000000e0000000,0x00000000f2c80000)
  from space 50688K, 67% used [0x00000000f2c80000,0x00000000f4dca320,0x00000000f5e00000)
  to   space 52224K, 0% used [0x00000000f9280000,0x00000000f9280000,0x00000000fc580000)
 ParOldGen       total 134144K, used 109086K [0x00000000a0000000, 0x00000000a8300000, 0x00000000e0000000)
  object space 134144K, 81% used [0x00000000a0000000,0x00000000a6a878e0,0x00000000a8300000)
 Metaspace       used 92610K, capacity 96412K, committed 96640K, reserved 1132544K
  class space    used 11755K, capacity 12595K, committed 12672K, reserved 1048576K
}
Event: 137,798 GC heap before
{Heap before GC invocations=23 (full 3):
 PSYoungGen      total 358400K, used 341334K [0x00000000e0000000, 0x00000000fc580000, 0x0000000100000000)
  eden space 307712K, 99% used [0x00000000e0000000,0x00000000f2c0b6c8,0x00000000f2c80000)
  from space 50688K, 67% used [0x00000000f2c80000,0x00000000f4dca320,0x00000000f5e00000)
  to   space 52224K, 0% used [0x00000000f9280000,0x00000000f9280000,0x00000000fc580000)
 ParOldGen       total 134144K, used 109086K [0x00000000a0000000, 0x00000000a8300000, 0x00000000e0000000)
  object space 134144K, 81% used [0x00000000a0000000,0x00000000a6a878e0,0x00000000a8300000)
 Metaspace       used 93648K, capacity 97696K, committed 97792K, reserved 1134592K
  class space    used 11913K, capacity 12771K, committed 12800K, reserved 1048576K
Event: 137,849 GC heap after
Heap after GC invocations=23 (full 3):
 PSYoungGen      total 408576K, used 39567K [0x00000000e0000000, 0x00000000fcf80000, 0x0000000100000000)
  eden space 356352K, 0% used [0x00000000e0000000,0x00000000e0000000,0x00000000f5c00000)
  from space 52224K, 75% used [0x00000000f9280000,0x00000000fb923d60,0x00000000fc580000)
  to   space 55808K, 0% used [0x00000000f5c00000,0x00000000f5c00000,0x00000000f9280000)
 ParOldGen       total 134144K, used 109094K [0x00000000a0000000, 0x00000000a8300000, 0x00000000e0000000)
  object space 134144K, 81% used [0x00000000a0000000,0x00000000a6a898e0,0x00000000a8300000)
 Metaspace       used 93648K, capacity 97696K, committed 97792K, reserved 1134592K
  class space    used 11913K, capacity 12771K, committed 12800K, reserved 1048576K
}
Event: 137,905 GC heap before
{Heap before GC invocations=24 (full 3):
 PSYoungGen      total 408576K, used 395625K [0x00000000e0000000, 0x00000000fcf80000, 0x0000000100000000)
  eden space 356352K, 99% used [0x00000000e0000000,0x00000000f5bb6a68,0x00000000f5c00000)
  from space 52224K, 75% used [0x00000000f9280000,0x00000000fb923d60,0x00000000fc580000)
  to   space 55808K, 0% used [0x00000000f5c00000,0x00000000f5c00000,0x00000000f9280000)
 ParOldGen       total 134144K, used 109094K [0x00000000a0000000, 0x00000000a8300000, 0x00000000e0000000)
  object space 134144K, 81% used [0x00000000a0000000,0x00000000a6a898e0,0x00000000a8300000)
 Metaspace       used 93664K, capacity 97696K, committed 97792K, reserved 1134592K
  class space    used 11913K, capacity 12771K, committed 12800K, reserved 1048576K

